build/app/intermediates/manifest_merge_blame_file/release/manifest-merger-blame-release-report.txt
1<?xml version="1.0" encoding="utf-8"?>
2<manifest xmlns:android="http://schemas.android.com/apk/res/android"
3    package="com.example.kamino_app"
4    android:versionCode="1"
5    android:versionName="1.0.0" >
6
7    <uses-sdk
8        android:minSdkVersion="21"
8-->src\main\AndroidManifest.xml
9        android:targetSdkVersion="34" />
9-->src\main\AndroidManifest.xml
10
11    <uses-permission android:name="android.permission.INTERNET" />
11-->src\main\AndroidManifest.xml:2:1-62
11-->src\main\AndroidManifest.xml:2:18-60
12    <uses-permission android:name="android.permission.ACCESS_NETWORK_STATE" />
12-->src\main\AndroidManifest.xml:3:5-78
12-->src\main\AndroidManifest.xml:3:22-76
13
14    <queries>
14-->[:flutter_inappwebview_android] AndroidManifest.xml:7:5-11:15
15        <intent>
15-->[:flutter_inappwebview_android] AndroidManifest.xml:8:9-10:18
16            <action android:name="android.support.customtabs.action.CustomTabsService" />
16-->[:flutter_inappwebview_android] AndroidManifest.xml:9:13-90
16-->[:flutter_inappwebview_android] AndroidManifest.xml:9:21-87
17        </intent>
18    </queries>
19
20    <uses-permission android:name="android.permission.WAKE_LOCK" />
20-->[com.google.android.gms:play-services-measurement-api:21.5.0] AndroidManifest.xml:24:5-68
20-->[com.google.android.gms:play-services-measurement-api:21.5.0] AndroidManifest.xml:24:22-65
21    <uses-permission android:name="com.google.android.gms.permission.AD_ID" />
21-->[com.google.android.gms:play-services-measurement-api:21.5.0] AndroidManifest.xml:25:5-79
21-->[com.google.android.gms:play-services-measurement-api:21.5.0] AndroidManifest.xml:25:22-76
22    <uses-permission android:name="android.permission.ACCESS_ADSERVICES_ATTRIBUTION" />
22-->[com.google.android.gms:play-services-measurement-api:21.5.0] AndroidManifest.xml:26:5-88
22-->[com.google.android.gms:play-services-measurement-api:21.5.0] AndroidManifest.xml:26:22-85
23    <uses-permission android:name="android.permission.ACCESS_ADSERVICES_AD_ID" />
23-->[com.google.android.gms:play-services-measurement-api:21.5.0] AndroidManifest.xml:27:5-82
23-->[com.google.android.gms:play-services-measurement-api:21.5.0] AndroidManifest.xml:27:22-79
24    <uses-permission android:name="com.google.android.finsky.permission.BIND_GET_INSTALL_REFERRER_SERVICE" />
24-->[com.google.android.gms:play-services-measurement:21.5.0] AndroidManifest.xml:26:5-110
24-->[com.google.android.gms:play-services-measurement:21.5.0] AndroidManifest.xml:26:22-107
25
26    <permission
26-->[androidx.core:core:1.10.1] AndroidManifest.xml:22:5-24:47
27        android:name="com.example.kamino_app.DYNAMIC_RECEIVER_NOT_EXPORTED_PERMISSION"
27-->[androidx.core:core:1.10.1] AndroidManifest.xml:23:9-81
28        android:protectionLevel="signature" />
28-->[androidx.core:core:1.10.1] AndroidManifest.xml:24:9-44
29
30    <uses-permission android:name="com.example.kamino_app.DYNAMIC_RECEIVER_NOT_EXPORTED_PERMISSION" />
30-->[androidx.core:core:1.10.1] AndroidManifest.xml:26:5-97
30-->[androidx.core:core:1.10.1] AndroidManifest.xml:26:22-94
31
32    <application
33        android:name="android.app.Application"
33-->src\main\AndroidManifest.xml:7:9-42
34        android:appComponentFactory="androidx.core.app.CoreComponentFactory"
34-->[androidx.core:core:1.10.1] AndroidManifest.xml:28:18-86
35        android:icon="@mipmap/ic_launcher"
35-->src\main\AndroidManifest.xml:8:9-43
36        android:label="kamino_app"
36-->src\main\AndroidManifest.xml:6:9-35
37        android:networkSecurityConfig="@xml/network_security_config"
37-->src\main\AndroidManifest.xml:10:9-69
38        android:usesCleartextTraffic="true" >
38-->src\main\AndroidManifest.xml:9:9-44
39        <activity
39-->src\main\AndroidManifest.xml:11:9-31:20
40            android:name="com.example.kamino_app.MainActivity"
40-->src\main\AndroidManifest.xml:12:13-41
41            android:configChanges="orientation|keyboardHidden|keyboard|screenSize|smallestScreenSize|locale|layoutDirection|fontScale|screenLayout|density|uiMode"
41-->src\main\AndroidManifest.xml:16:13-163
42            android:exported="true"
42-->src\main\AndroidManifest.xml:13:13-36
43            android:hardwareAccelerated="true"
43-->src\main\AndroidManifest.xml:17:13-47
44            android:launchMode="singleTop"
44-->src\main\AndroidManifest.xml:14:13-43
45            android:theme="@style/LaunchTheme"
45-->src\main\AndroidManifest.xml:15:13-47
46            android:windowSoftInputMode="adjustResize" >
46-->src\main\AndroidManifest.xml:18:13-55
47
48            <!--
49                 Specifies an Android theme to apply to this Activity as soon as
50                 the Android process has started. This theme is visible to the user
51                 while the Flutter UI initializes. After that, this theme continues
52                 to determine the Window background behind the Flutter UI.
53            -->
54            <meta-data
54-->src\main\AndroidManifest.xml:23:13-26:17
55                android:name="io.flutter.embedding.android.NormalTheme"
55-->src\main\AndroidManifest.xml:24:15-70
56                android:resource="@style/NormalTheme" />
56-->src\main\AndroidManifest.xml:25:15-52
57
58            <intent-filter>
58-->src\main\AndroidManifest.xml:27:13-30:29
59                <action android:name="android.intent.action.MAIN" />
59-->src\main\AndroidManifest.xml:28:17-68
59-->src\main\AndroidManifest.xml:28:25-66
60
61                <category android:name="android.intent.category.LAUNCHER" />
61-->src\main\AndroidManifest.xml:29:17-76
61-->src\main\AndroidManifest.xml:29:27-74
62            </intent-filter>
63        </activity>
64        <!--
65             Don't delete the meta-data below.
66             This is used by the Flutter tool to generate GeneratedPluginRegistrant.java
67        -->
68        <meta-data
68-->src\main\AndroidManifest.xml:34:9-36:33
69            android:name="flutterEmbedding"
69-->src\main\AndroidManifest.xml:35:13-44
70            android:value="2" />
70-->src\main\AndroidManifest.xml:36:13-30
71
72        <service
72-->[:cloud_firestore] AndroidManifest.xml:8:9-12:19
73            android:name="com.google.firebase.components.ComponentDiscoveryService"
73-->[:cloud_firestore] AndroidManifest.xml:8:18-89
74            android:directBootAware="true"
74-->[com.google.firebase:firebase-common:20.4.2] AndroidManifest.xml:32:13-43
75            android:exported="false" >
75-->[com.google.firebase:firebase-auth:22.3.0] AndroidManifest.xml:68:13-37
76            <meta-data
76-->[:cloud_firestore] AndroidManifest.xml:9:13-11:85
77                android:name="com.google.firebase.components:io.flutter.plugins.firebase.firestore.FlutterFirebaseFirestoreRegistrar"
77-->[:cloud_firestore] AndroidManifest.xml:10:17-134
78                android:value="com.google.firebase.components.ComponentRegistrar" />
78-->[:cloud_firestore] AndroidManifest.xml:11:17-82
79            <meta-data
79-->[:firebase_auth] AndroidManifest.xml:9:13-11:85
80                android:name="com.google.firebase.components:io.flutter.plugins.firebase.auth.FlutterFirebaseAuthRegistrar"
80-->[:firebase_auth] AndroidManifest.xml:10:17-124
81                android:value="com.google.firebase.components.ComponentRegistrar" />
81-->[:firebase_auth] AndroidManifest.xml:11:17-82
82            <meta-data
82-->[:firebase_storage] AndroidManifest.xml:9:13-11:85
83                android:name="com.google.firebase.components:io.flutter.plugins.firebase.storage.FlutterFirebaseAppRegistrar"
83-->[:firebase_storage] AndroidManifest.xml:10:17-126
84                android:value="com.google.firebase.components.ComponentRegistrar" />
84-->[:firebase_storage] AndroidManifest.xml:11:17-82
85            <meta-data
85-->[:firebase_core] AndroidManifest.xml:9:13-11:85
86                android:name="com.google.firebase.components:io.flutter.plugins.firebase.core.FlutterFirebaseCoreRegistrar"
86-->[:firebase_core] AndroidManifest.xml:10:17-124
87                android:value="com.google.firebase.components.ComponentRegistrar" />
87-->[:firebase_core] AndroidManifest.xml:11:17-82
88            <meta-data
88-->[com.google.firebase:firebase-auth:22.3.0] AndroidManifest.xml:69:13-71:85
89                android:name="com.google.firebase.components:com.google.firebase.auth.FirebaseAuthRegistrar"
89-->[com.google.firebase:firebase-auth:22.3.0] AndroidManifest.xml:70:17-109
90                android:value="com.google.firebase.components.ComponentRegistrar" />
90-->[com.google.firebase:firebase-auth:22.3.0] AndroidManifest.xml:71:17-82
91            <meta-data
91-->[com.google.firebase:firebase-firestore:24.9.1] AndroidManifest.xml:17:13-19:85
92                android:name="com.google.firebase.components:com.google.firebase.firestore.FirebaseFirestoreKtxRegistrar"
92-->[com.google.firebase:firebase-firestore:24.9.1] AndroidManifest.xml:18:17-122
93                android:value="com.google.firebase.components.ComponentRegistrar" />
93-->[com.google.firebase:firebase-firestore:24.9.1] AndroidManifest.xml:19:17-82
94            <meta-data
94-->[com.google.firebase:firebase-firestore:24.9.1] AndroidManifest.xml:20:13-22:85
95                android:name="com.google.firebase.components:com.google.firebase.firestore.FirestoreRegistrar"
95-->[com.google.firebase:firebase-firestore:24.9.1] AndroidManifest.xml:21:17-111
96                android:value="com.google.firebase.components.ComponentRegistrar" />
96-->[com.google.firebase:firebase-firestore:24.9.1] AndroidManifest.xml:22:17-82
97            <meta-data
97-->[com.google.android.gms:play-services-measurement-api:21.5.0] AndroidManifest.xml:37:13-39:85
98                android:name="com.google.firebase.components:com.google.firebase.analytics.connector.internal.AnalyticsConnectorRegistrar"
98-->[com.google.android.gms:play-services-measurement-api:21.5.0] AndroidManifest.xml:38:17-139
99                android:value="com.google.firebase.components.ComponentRegistrar" />
99-->[com.google.android.gms:play-services-measurement-api:21.5.0] AndroidManifest.xml:39:17-82
100            <meta-data
100-->[com.google.firebase:firebase-storage:20.3.0] AndroidManifest.xml:30:13-32:85
101                android:name="com.google.firebase.components:com.google.firebase.storage.FirebaseStorageKtxRegistrar"
101-->[com.google.firebase:firebase-storage:20.3.0] AndroidManifest.xml:31:17-118
102                android:value="com.google.firebase.components.ComponentRegistrar" />
102-->[com.google.firebase:firebase-storage:20.3.0] AndroidManifest.xml:32:17-82
103            <meta-data
103-->[com.google.firebase:firebase-storage:20.3.0] AndroidManifest.xml:33:13-35:85
104                android:name="com.google.firebase.components:com.google.firebase.storage.StorageRegistrar"
104-->[com.google.firebase:firebase-storage:20.3.0] AndroidManifest.xml:34:17-107
105                android:value="com.google.firebase.components.ComponentRegistrar" />
105-->[com.google.firebase:firebase-storage:20.3.0] AndroidManifest.xml:35:17-82
106            <meta-data
106-->[com.google.firebase:firebase-installations:17.2.0] AndroidManifest.xml:15:13-17:85
107                android:name="com.google.firebase.components:com.google.firebase.installations.FirebaseInstallationsKtxRegistrar"
107-->[com.google.firebase:firebase-installations:17.2.0] AndroidManifest.xml:16:17-130
108                android:value="com.google.firebase.components.ComponentRegistrar" />
108-->[com.google.firebase:firebase-installations:17.2.0] AndroidManifest.xml:17:17-82
109            <meta-data
109-->[com.google.firebase:firebase-installations:17.2.0] AndroidManifest.xml:18:13-20:85
110                android:name="com.google.firebase.components:com.google.firebase.installations.FirebaseInstallationsRegistrar"
110-->[com.google.firebase:firebase-installations:17.2.0] AndroidManifest.xml:19:17-127
111                android:value="com.google.firebase.components.ComponentRegistrar" />
111-->[com.google.firebase:firebase-installations:17.2.0] AndroidManifest.xml:20:17-82
112            <meta-data
112-->[com.google.firebase:firebase-appcheck:17.1.1] AndroidManifest.xml:25:13-27:85
113                android:name="com.google.firebase.components:com.google.firebase.appcheck.FirebaseAppCheckKtxRegistrar"
113-->[com.google.firebase:firebase-appcheck:17.1.1] AndroidManifest.xml:26:17-120
114                android:value="com.google.firebase.components.ComponentRegistrar" />
114-->[com.google.firebase:firebase-appcheck:17.1.1] AndroidManifest.xml:27:17-82
115            <meta-data
115-->[com.google.firebase:firebase-appcheck:17.1.1] AndroidManifest.xml:28:13-30:85
116                android:name="com.google.firebase.components:com.google.firebase.appcheck.FirebaseAppCheckRegistrar"
116-->[com.google.firebase:firebase-appcheck:17.1.1] AndroidManifest.xml:29:17-117
117                android:value="com.google.firebase.components.ComponentRegistrar" />
117-->[com.google.firebase:firebase-appcheck:17.1.1] AndroidManifest.xml:30:17-82
118            <meta-data
118-->[com.google.firebase:firebase-common-ktx:20.4.2] AndroidManifest.xml:12:13-14:85
119                android:name="com.google.firebase.components:com.google.firebase.ktx.FirebaseCommonLegacyRegistrar"
119-->[com.google.firebase:firebase-common-ktx:20.4.2] AndroidManifest.xml:13:17-116
120                android:value="com.google.firebase.components.ComponentRegistrar" />
120-->[com.google.firebase:firebase-common-ktx:20.4.2] AndroidManifest.xml:14:17-82
121            <meta-data
121-->[com.google.firebase:firebase-common:20.4.2] AndroidManifest.xml:35:13-37:85
122                android:name="com.google.firebase.components:com.google.firebase.FirebaseCommonKtxRegistrar"
122-->[com.google.firebase:firebase-common:20.4.2] AndroidManifest.xml:36:17-109
123                android:value="com.google.firebase.components.ComponentRegistrar" />
123-->[com.google.firebase:firebase-common:20.4.2] AndroidManifest.xml:37:17-82
124        </service>
125
126        <provider
126-->[:image_picker_android] AndroidManifest.xml:8:9-16:20
127            android:name="io.flutter.plugins.imagepicker.ImagePickerFileProvider"
127-->[:image_picker_android] AndroidManifest.xml:9:13-82
128            android:authorities="com.example.kamino_app.flutter.image_provider"
128-->[:image_picker_android] AndroidManifest.xml:10:13-74
129            android:exported="false"
129-->[:image_picker_android] AndroidManifest.xml:11:13-37
130            android:grantUriPermissions="true" >
130-->[:image_picker_android] AndroidManifest.xml:12:13-47
131            <meta-data
131-->[:image_picker_android] AndroidManifest.xml:13:13-15:75
132                android:name="android.support.FILE_PROVIDER_PATHS"
132-->[:image_picker_android] AndroidManifest.xml:14:17-67
133                android:resource="@xml/flutter_image_picker_file_paths" />
133-->[:image_picker_android] AndroidManifest.xml:15:17-72
134        </provider>
135
136        <activity
136-->[:flutter_inappwebview_android] AndroidManifest.xml:14:9-18:47
137            android:name="com.pichillilorenzo.flutter_inappwebview_android.in_app_browser.InAppBrowserActivity"
137-->[:flutter_inappwebview_android] AndroidManifest.xml:15:13-112
138            android:configChanges="orientation|keyboardHidden|keyboard|screenSize|locale|layoutDirection|fontScale|screenLayout|density"
138-->[:flutter_inappwebview_android] AndroidManifest.xml:16:13-137
139            android:exported="false"
139-->[:flutter_inappwebview_android] AndroidManifest.xml:17:13-37
140            android:theme="@style/AppTheme" />
140-->[:flutter_inappwebview_android] AndroidManifest.xml:18:13-44
141        <activity
141-->[:flutter_inappwebview_android] AndroidManifest.xml:19:9-22:55
142            android:name="com.pichillilorenzo.flutter_inappwebview_android.chrome_custom_tabs.ChromeCustomTabsActivity"
142-->[:flutter_inappwebview_android] AndroidManifest.xml:20:13-120
143            android:exported="false"
143-->[:flutter_inappwebview_android] AndroidManifest.xml:21:13-37
144            android:theme="@style/ThemeTransparent" />
144-->[:flutter_inappwebview_android] AndroidManifest.xml:22:13-52
145        <activity
145-->[:flutter_inappwebview_android] AndroidManifest.xml:23:9-26:55
146            android:name="com.pichillilorenzo.flutter_inappwebview_android.chrome_custom_tabs.TrustedWebActivity"
146-->[:flutter_inappwebview_android] AndroidManifest.xml:24:13-114
147            android:exported="false"
147-->[:flutter_inappwebview_android] AndroidManifest.xml:25:13-37
148            android:theme="@style/ThemeTransparent" />
148-->[:flutter_inappwebview_android] AndroidManifest.xml:26:13-52
149        <activity
149-->[:flutter_inappwebview_android] AndroidManifest.xml:27:9-31:55
150            android:name="com.pichillilorenzo.flutter_inappwebview_android.chrome_custom_tabs.ChromeCustomTabsActivitySingleInstance"
150-->[:flutter_inappwebview_android] AndroidManifest.xml:28:13-134
151            android:exported="false"
151-->[:flutter_inappwebview_android] AndroidManifest.xml:29:13-37
152            android:launchMode="singleInstance"
152-->[:flutter_inappwebview_android] AndroidManifest.xml:30:13-48
153            android:theme="@style/ThemeTransparent" />
153-->[:flutter_inappwebview_android] AndroidManifest.xml:31:13-52
154        <activity
154-->[:flutter_inappwebview_android] AndroidManifest.xml:32:9-36:55
155            android:name="com.pichillilorenzo.flutter_inappwebview_android.chrome_custom_tabs.TrustedWebActivitySingleInstance"
155-->[:flutter_inappwebview_android] AndroidManifest.xml:33:13-128
156            android:exported="false"
156-->[:flutter_inappwebview_android] AndroidManifest.xml:34:13-37
157            android:launchMode="singleInstance"
157-->[:flutter_inappwebview_android] AndroidManifest.xml:35:13-48
158            android:theme="@style/ThemeTransparent" />
158-->[:flutter_inappwebview_android] AndroidManifest.xml:36:13-52
159
160        <receiver
160-->[:flutter_inappwebview_android] AndroidManifest.xml:38:9-41:40
161            android:name="com.pichillilorenzo.flutter_inappwebview_android.chrome_custom_tabs.ActionBroadcastReceiver"
161-->[:flutter_inappwebview_android] AndroidManifest.xml:39:13-119
162            android:enabled="true"
162-->[:flutter_inappwebview_android] AndroidManifest.xml:40:13-35
163            android:exported="false" />
163-->[:flutter_inappwebview_android] AndroidManifest.xml:41:13-37
164
165        <meta-data
165-->[:flutter_inappwebview_android] AndroidManifest.xml:43:9-45:36
166            android:name="io.flutter.embedded_views_preview"
166-->[:flutter_inappwebview_android] AndroidManifest.xml:44:13-61
167            android:value="true" />
167-->[:flutter_inappwebview_android] AndroidManifest.xml:45:13-33
168
169        <activity
169-->[com.google.firebase:firebase-auth:22.3.0] AndroidManifest.xml:29:9-46:20
170            android:name="com.google.firebase.auth.internal.GenericIdpActivity"
170-->[com.google.firebase:firebase-auth:22.3.0] AndroidManifest.xml:30:13-80
171            android:excludeFromRecents="true"
171-->[com.google.firebase:firebase-auth:22.3.0] AndroidManifest.xml:31:13-46
172            android:exported="true"
172-->[com.google.firebase:firebase-auth:22.3.0] AndroidManifest.xml:32:13-36
173            android:launchMode="singleTask"
173-->[com.google.firebase:firebase-auth:22.3.0] AndroidManifest.xml:33:13-44
174            android:theme="@android:style/Theme.Translucent.NoTitleBar" >
174-->[com.google.firebase:firebase-auth:22.3.0] AndroidManifest.xml:34:13-72
175            <intent-filter>
175-->[com.google.firebase:firebase-auth:22.3.0] AndroidManifest.xml:35:13-45:29
176                <action android:name="android.intent.action.VIEW" />
176-->[com.google.firebase:firebase-auth:22.3.0] AndroidManifest.xml:36:17-69
176-->[com.google.firebase:firebase-auth:22.3.0] AndroidManifest.xml:36:25-66
177
178                <category android:name="android.intent.category.DEFAULT" />
178-->[com.google.firebase:firebase-auth:22.3.0] AndroidManifest.xml:38:17-76
178-->[com.google.firebase:firebase-auth:22.3.0] AndroidManifest.xml:38:27-73
179                <category android:name="android.intent.category.BROWSABLE" />
179-->[com.google.firebase:firebase-auth:22.3.0] AndroidManifest.xml:39:17-78
179-->[com.google.firebase:firebase-auth:22.3.0] AndroidManifest.xml:39:27-75
180
181                <data
181-->[com.google.firebase:firebase-auth:22.3.0] AndroidManifest.xml:41:17-44:51
182                    android:host="firebase.auth"
182-->[com.google.firebase:firebase-auth:22.3.0] AndroidManifest.xml:42:21-49
183                    android:path="/"
183-->[com.google.firebase:firebase-auth:22.3.0] AndroidManifest.xml:43:21-37
184                    android:scheme="genericidp" />
184-->[com.google.firebase:firebase-auth:22.3.0] AndroidManifest.xml:44:21-48
185            </intent-filter>
186        </activity>
187        <activity
187-->[com.google.firebase:firebase-auth:22.3.0] AndroidManifest.xml:47:9-64:20
188            android:name="com.google.firebase.auth.internal.RecaptchaActivity"
188-->[com.google.firebase:firebase-auth:22.3.0] AndroidManifest.xml:48:13-79
189            android:excludeFromRecents="true"
189-->[com.google.firebase:firebase-auth:22.3.0] AndroidManifest.xml:49:13-46
190            android:exported="true"
190-->[com.google.firebase:firebase-auth:22.3.0] AndroidManifest.xml:50:13-36
191            android:launchMode="singleTask"
191-->[com.google.firebase:firebase-auth:22.3.0] AndroidManifest.xml:51:13-44
192            android:theme="@android:style/Theme.Translucent.NoTitleBar" >
192-->[com.google.firebase:firebase-auth:22.3.0] AndroidManifest.xml:52:13-72
193            <intent-filter>
193-->[com.google.firebase:firebase-auth:22.3.0] AndroidManifest.xml:53:13-63:29
194                <action android:name="android.intent.action.VIEW" />
194-->[com.google.firebase:firebase-auth:22.3.0] AndroidManifest.xml:36:17-69
194-->[com.google.firebase:firebase-auth:22.3.0] AndroidManifest.xml:36:25-66
195
196                <category android:name="android.intent.category.DEFAULT" />
196-->[com.google.firebase:firebase-auth:22.3.0] AndroidManifest.xml:38:17-76
196-->[com.google.firebase:firebase-auth:22.3.0] AndroidManifest.xml:38:27-73
197                <category android:name="android.intent.category.BROWSABLE" />
197-->[com.google.firebase:firebase-auth:22.3.0] AndroidManifest.xml:39:17-78
197-->[com.google.firebase:firebase-auth:22.3.0] AndroidManifest.xml:39:27-75
198
199                <data
199-->[com.google.firebase:firebase-auth:22.3.0] AndroidManifest.xml:41:17-44:51
200                    android:host="firebase.auth"
200-->[com.google.firebase:firebase-auth:22.3.0] AndroidManifest.xml:42:21-49
201                    android:path="/"
201-->[com.google.firebase:firebase-auth:22.3.0] AndroidManifest.xml:43:21-37
202                    android:scheme="recaptcha" />
202-->[com.google.firebase:firebase-auth:22.3.0] AndroidManifest.xml:44:21-48
203            </intent-filter>
204        </activity>
205
206        <property
206-->[com.google.android.gms:play-services-measurement-api:21.5.0] AndroidManifest.xml:30:9-32:61
207            android:name="android.adservices.AD_SERVICES_CONFIG"
207-->[com.google.android.gms:play-services-measurement-api:21.5.0] AndroidManifest.xml:31:13-65
208            android:resource="@xml/ga_ad_services_config" />
208-->[com.google.android.gms:play-services-measurement-api:21.5.0] AndroidManifest.xml:32:13-58
209
210        <provider
210-->[com.google.firebase:firebase-common:20.4.2] AndroidManifest.xml:23:9-28:39
211            android:name="com.google.firebase.provider.FirebaseInitProvider"
211-->[com.google.firebase:firebase-common:20.4.2] AndroidManifest.xml:24:13-77
212            android:authorities="com.example.kamino_app.firebaseinitprovider"
212-->[com.google.firebase:firebase-common:20.4.2] AndroidManifest.xml:25:13-72
213            android:directBootAware="true"
213-->[com.google.firebase:firebase-common:20.4.2] AndroidManifest.xml:26:13-43
214            android:exported="false"
214-->[com.google.firebase:firebase-common:20.4.2] AndroidManifest.xml:27:13-37
215            android:initOrder="100" />
215-->[com.google.firebase:firebase-common:20.4.2] AndroidManifest.xml:28:13-36
216
217        <receiver
217-->[com.google.android.gms:play-services-measurement:21.5.0] AndroidManifest.xml:29:9-33:20
218            android:name="com.google.android.gms.measurement.AppMeasurementReceiver"
218-->[com.google.android.gms:play-services-measurement:21.5.0] AndroidManifest.xml:30:13-85
219            android:enabled="true"
219-->[com.google.android.gms:play-services-measurement:21.5.0] AndroidManifest.xml:31:13-35
220            android:exported="false" >
220-->[com.google.android.gms:play-services-measurement:21.5.0] AndroidManifest.xml:32:13-37
221        </receiver>
222
223        <service
223-->[com.google.android.gms:play-services-measurement:21.5.0] AndroidManifest.xml:35:9-38:40
224            android:name="com.google.android.gms.measurement.AppMeasurementService"
224-->[com.google.android.gms:play-services-measurement:21.5.0] AndroidManifest.xml:36:13-84
225            android:enabled="true"
225-->[com.google.android.gms:play-services-measurement:21.5.0] AndroidManifest.xml:37:13-35
226            android:exported="false" />
226-->[com.google.android.gms:play-services-measurement:21.5.0] AndroidManifest.xml:38:13-37
227        <service
227-->[com.google.android.gms:play-services-measurement:21.5.0] AndroidManifest.xml:39:9-43:72
228            android:name="com.google.android.gms.measurement.AppMeasurementJobService"
228-->[com.google.android.gms:play-services-measurement:21.5.0] AndroidManifest.xml:40:13-87
229            android:enabled="true"
229-->[com.google.android.gms:play-services-measurement:21.5.0] AndroidManifest.xml:41:13-35
230            android:exported="false"
230-->[com.google.android.gms:play-services-measurement:21.5.0] AndroidManifest.xml:42:13-37
231            android:permission="android.permission.BIND_JOB_SERVICE" />
231-->[com.google.android.gms:play-services-measurement:21.5.0] AndroidManifest.xml:43:13-69
232
233        <uses-library
233-->[androidx.privacysandbox.ads:ads-adservices:1.0.0-beta05] AndroidManifest.xml:23:9-25:40
234            android:name="android.ext.adservices"
234-->[androidx.privacysandbox.ads:ads-adservices:1.0.0-beta05] AndroidManifest.xml:24:13-50
235            android:required="false" />
235-->[androidx.privacysandbox.ads:ads-adservices:1.0.0-beta05] AndroidManifest.xml:25:13-37
236
237        <activity
237-->[com.google.android.gms:play-services-auth:20.4.0] AndroidManifest.xml:23:9-27:75
238            android:name="com.google.android.gms.auth.api.signin.internal.SignInHubActivity"
238-->[com.google.android.gms:play-services-auth:20.4.0] AndroidManifest.xml:24:13-93
239            android:excludeFromRecents="true"
239-->[com.google.android.gms:play-services-auth:20.4.0] AndroidManifest.xml:25:13-46
240            android:exported="false"
240-->[com.google.android.gms:play-services-auth:20.4.0] AndroidManifest.xml:26:13-37
241            android:theme="@android:style/Theme.Translucent.NoTitleBar" />
241-->[com.google.android.gms:play-services-auth:20.4.0] AndroidManifest.xml:27:13-72
242        <!--
243            Service handling Google Sign-In user revocation. For apps that do not integrate with
244            Google Sign-In, this service will never be started.
245        -->
246        <service
246-->[com.google.android.gms:play-services-auth:20.4.0] AndroidManifest.xml:33:9-37:51
247            android:name="com.google.android.gms.auth.api.signin.RevocationBoundService"
247-->[com.google.android.gms:play-services-auth:20.4.0] AndroidManifest.xml:34:13-89
248            android:exported="true"
248-->[com.google.android.gms:play-services-auth:20.4.0] AndroidManifest.xml:35:13-36
249            android:permission="com.google.android.gms.auth.api.signin.permission.REVOCATION_NOTIFICATION"
249-->[com.google.android.gms:play-services-auth:20.4.0] AndroidManifest.xml:36:13-107
250            android:visibleToInstantApps="true" />
250-->[com.google.android.gms:play-services-auth:20.4.0] AndroidManifest.xml:37:13-48
251
252        <activity
252-->[com.google.android.gms:play-services-base:18.0.1] AndroidManifest.xml:20:9-22:45
253            android:name="com.google.android.gms.common.api.GoogleApiActivity"
253-->[com.google.android.gms:play-services-base:18.0.1] AndroidManifest.xml:20:19-85
254            android:exported="false"
254-->[com.google.android.gms:play-services-base:18.0.1] AndroidManifest.xml:22:19-43
255            android:theme="@android:style/Theme.Translucent.NoTitleBar" />
255-->[com.google.android.gms:play-services-base:18.0.1] AndroidManifest.xml:21:19-78
256
257        <meta-data
257-->[com.google.android.gms:play-services-basement:18.1.0] AndroidManifest.xml:21:9-23:69
258            android:name="com.google.android.gms.version"
258-->[com.google.android.gms:play-services-basement:18.1.0] AndroidManifest.xml:22:13-58
259            android:value="@integer/google_play_services_version" />
259-->[com.google.android.gms:play-services-basement:18.1.0] AndroidManifest.xml:23:13-66
260
261        <provider
261-->[androidx.emoji2:emoji2:1.2.0] AndroidManifest.xml:24:9-32:20
262            android:name="androidx.startup.InitializationProvider"
262-->[androidx.emoji2:emoji2:1.2.0] AndroidManifest.xml:25:13-67
263            android:authorities="com.example.kamino_app.androidx-startup"
263-->[androidx.emoji2:emoji2:1.2.0] AndroidManifest.xml:26:13-68
264            android:exported="false" >
264-->[androidx.emoji2:emoji2:1.2.0] AndroidManifest.xml:27:13-37
265            <meta-data
265-->[androidx.emoji2:emoji2:1.2.0] AndroidManifest.xml:29:13-31:52
266                android:name="androidx.emoji2.text.EmojiCompatInitializer"